proguard/seeds.txt
com.linyongan.activity.AboutActivity
com.linyongan.activity.AboutActivity: AboutActivity()
com.linyongan.activity.Button1Activity
com.linyongan.activity.Button1Activity: Button1Activity()
com.linyongan.activity.Button2Activity
com.linyongan.activity.Button2Activity: Button2Activity()
com.linyongan.activity.Button3Activity
com.linyongan.activity.Button3Activity: Button3Activity()
com.linyongan.activity.Button4Activity
com.linyongan.activity.Button4Activity: Button4Activity()
com.linyongan.activity.Button5Activity
com.linyongan.activity.Button5Activity: Button5Activity()
com.linyongan.activity.Button6Activity
com.linyongan.activity.Button6Activity: Button6Activity()
com.linyongan.activity.Button7Activity
com.linyongan.activity.Button7Activity: Button7Activity()
com.linyongan.activity.DerivativeActivity
com.linyongan.activity.DerivativeActivity: DerivativeActivity()
com.linyongan.activity.LearnActivity
com.linyongan.activity.LearnActivity: LearnActivity()
com.linyongan.activity.MainActivity
com.linyongan.activity.MainActivity: MainActivity()
com.linyongan.activity.QuestionActivity
com.linyongan.activity.QuestionActivity: QuestionActivity()
com.linyongan.activity.SearchActivity
com.linyongan.activity.SearchActivity: SearchActivity()
com.linyongan.activity.TestActivity
com.linyongan.activity.TestActivity: TestActivity()
com.linyongan.activity.TestCollectActivity
com.linyongan.activity.TestCollectActivity: TestCollectActivity()
com.linyongan.activity.TestGradeActivity
com.linyongan.activity.TestGradeActivity: TestGradeActivity()
com.linyongan.activity.TestingActivity
com.linyongan.activity.TestingActivity: TestingActivity()
com.linyongan.activity.ViewPagerActivity
com.linyongan.activity.ViewPagerActivity: ViewPagerActivity()
...
android.support.v4.app.BackStackState
android.support.v4.app.BackStackState: android.os.Parcelable$Creator CREATOR
android.support.v4.app.Fragment$SavedState
android.support.v4.app.Fragment$SavedState: android.os.Parcelable$Creator CREATOR
android.support.v4.app.FragmentActivity
android.support.v4.app.FragmentManagerState
android.support.v4.app.FragmentManagerState: android.os.Parcelable$Creator CREATOR
android.support.v4.app.FragmentState
android.support.v4.app.FragmentState: android.os.Parcelable$Creator CREATOR
android.support.v4.app.FragmentTabHost
android.support.v4.app.FragmentTabHost: FragmentTabHost(android.content.Context,android.util.AttributeSet)
android.support.v4.app.FragmentTabHost$SavedState
android.support.v4.app.FragmentTabHost$SavedState: android.os.Parcelable$Creator CREATOR
android.support.v4.content.FileProvider
android.support.v4.content.ModernAsyncTask$Status: android.support.v4.content.ModernAsyncTask$Status[] values()
android.support.v4.content.ModernAsyncTask$Status: android.support.v4.content.ModernAsyncTask$Status valueOf(java.lang.String)
android.support.v4.view.PagerTabStrip
android.support.v4.view.PagerTabStrip: PagerTabStrip(android.content.Context,android.util.AttributeSet)
android.support.v4.view.PagerTitleStrip
android.support.v4.view.PagerTitleStrip: PagerTitleStrip(android.content.Context,android.util.AttributeSet)
android.support.v4.view.ViewPager
android.support.v4.view.ViewPager: ViewPager(android.content.Context)
android.support.v4.view.ViewPager: ViewPager(android.content.Context,android.util.AttributeSet)
android.support.v4.view.ViewPager$LayoutParams
android.support.v4.view.ViewPager$LayoutParams: ViewPager$LayoutParams(android.content.Context,android.util.AttributeSet)
android.support.v4.view.ViewPager$SavedState
android.support.v4.view.ViewPager$SavedState: android.os.Parcelable$Creator CREATOR
android.support.v4.widget.DrawerLayout
android.support.v4.widget.DrawerLayout: DrawerLayout(android.content.Context,android.util.AttributeSet)
android.support.v4.widget.DrawerLayout: DrawerLayout(android.content.Context,android.util.AttributeSet,int)
android.support.v4.widget.DrawerLayout$LayoutParams
android.support.v4.widget.DrawerLayout$LayoutParams: DrawerLayout$LayoutParams(android.content.Context,android.util.AttributeSet)
android.support.v4.widget.DrawerLayout$SavedState
android.support.v4.widget.DrawerLayout$SavedState: android.os.Parcelable$Creator CREATOR
android.support.v4.widget.SlidingPaneLayout
android.support.v4.widget.SlidingPaneLayout: SlidingPaneLayout(android.content.Context,android.util.AttributeSet)
android.support.v4.widget.SlidingPaneLayout: SlidingPaneLayout(android.content.Context,android.util.AttributeSet,int)
android.support.v4.widget.SlidingPaneLayout$LayoutParams
android.support.v4.widget.SlidingPaneLayout$LayoutParams: SlidingPaneLayout$LayoutParams(android.content.Context,android.util.AttributeSet)
android.support.v4.widget.SlidingPaneLayout$SavedState
android.support.v4.widget.SlidingPaneLayout$SavedState: android.os.Parcelable$Creator CREATOR
com.linyongan.sortlistview.ClearEditText
com.linyongan.sortlistview.ClearEditText: ClearEditText(android.content.Context)
com.linyongan.sortlistview.ClearEditText: ClearEditText(android.content.Context,android.util.AttributeSet)
com.linyongan.sortlistview.ClearEditText: ClearEditText(android.content.Context,android.util.AttributeSet,int)
com.linyongan.sortlistview.SideBar
com.linyongan.sortlistview.SideBar: SideBar(android.content.Context,android.util.AttributeSet,int)
com.linyongan.sortlistview.SideBar: SideBar(android.content.Context,android.util.AttributeSet)
com.linyongan.sortlistview.SideBar: SideBar(android.content.Context)
com.linyongan.test.FinanceActivity
com.linyongan.test.IdentificationActivity
com.linyongan.test.InvestmentActivity
com.linyongan.test.LoanActivity
org.achartengine.GraphicalActivity
org.achartengine.GraphicalActivity: GraphicalActivity()