proguard/mapping.txt
com.linyongan.activity.AboutActivity -> com.linyongan.activity.AboutActivity:
    android.widget.ImageButton backButton -> a
    void onCreate(android.os.Bundle) -> onCreate
    boolean dispatchKeyEvent(android.view.KeyEvent) -> dispatchKeyEvent
    void goBack() -> a
    void access$0(com.linyongan.activity.AboutActivity) -> a
com.linyongan.activity.AboutActivity$1 -> com.linyongan.activity.a:
    com.linyongan.activity.AboutActivity this$0 -> a
    void onClick(android.view.View) -> onClick
com.linyongan.activity.Button1Activity -> com.linyongan.activity.Button1Activity:
    android.widget.ImageButton backButton -> a
    android.widget.ImageButton cleanButton -> b
    android.widget.Button calculateButton -> c
    android.widget.RadioGroup radioGroup -> d
    int mark -> e
    int mark2 -> f
    android.widget.EditText editText1 -> g
    android.widget.EditText editText2 -> h
    android.widget.EditText editText3 -> i
    android.widget.EditText editText4 -> j
    android.widget.EditText editText5 -> k
    android.widget.TextView out_tv -> l
    com.linyongan.sql.CalculateDbManger dbmanger -> m
    void onCreate(android.os.Bundle) -> onCreate
    java.lang.Double change(java.lang.Double) -> a
    boolean dispatchKeyEvent(android.view.KeyEvent) -> dispatchKeyEvent
    void access$0(com.linyongan.activity.Button1Activity,int) -> a
    android.widget.EditText access$1(com.linyongan.activity.Button1Activity) -> a
    android.widget.EditText access$2(com.linyongan.activity.Button1Activity) -> b
    android.widget.EditText access$3(com.linyongan.activity.Button1Activity) -> c
    android.widget.EditText access$4(com.linyongan.activity.Button1Activity) -> d
    android.widget.EditText access$5(com.linyongan.activity.Button1Activity) -> e
    int access$6(com.linyongan.activity.Button1Activity) -> f
    void access$7$65a5243d(com.linyongan.activity.Button1Activity) -> g
com.linyongan.activity.Button1Activity$ButtonListener -> com.linyongan.activity.b:
    com.linyongan.activity.Button1Activity this$0 -> a
    void onClick(android.view.View) -> onClick
com.linyongan.activity.Button1Activity$radioGroupListener -> com.linyongan.activity.c:
    com.linyongan.activity.Button1Activity this$0 -> a
    void onCheckedChanged(android.widget.RadioGroup,int) -> onCheckedChanged
com.linyongan.activity.Button2Activity -> com.linyongan.activity.Button2Activity:
    android.widget.ImageButton backButton -> a
    android.widget.ImageButton cleanButton -> b
    android.widget.Button calculateButton -> c
    android.widget.RadioGroup radioGroup1 -> d
    android.widget.RadioGroup radioGroup2 -> e
    int mark -> f
    int mark2 -> g
    android.widget.EditText editText1 -> h
    android.widget.EditText editText2 -> i
    android.widget.EditText editText3 -> j
    android.widget.EditText editText4 -> k
    android.widget.EditText editText5 -> l
    android.widget.TextView out_tv -> m
    android.widget.TableRow tableRow1 -> n
    android.widget.TableRow tableRow2 -> o
    android.widget.TableRow tableRow3 -> p
    void onCreate(android.os.Bundle) -> onCreate
    boolean dispatchKeyEvent(android.view.KeyEvent) -> dispatchKeyEvent
    android.widget.EditText access$0(com.linyongan.activity.Button2Activity) -> a
    android.widget.EditText access$1(com.linyongan.activity.Button2Activity) -> b
    android.widget.EditText access$2(com.linyongan.activity.Button2Activity) -> c
    android.widget.EditText access$3(com.linyongan.activity.Button2Activity) -> d
    android.widget.EditText access$4(com.linyongan.activity.Button2Activity) -> e
    int access$5(com.linyongan.activity.Button2Activity) -> f
    int access$6(com.linyongan.activity.Button2Activity) -> g
com.linyongan.activity.Button2Activity$ButtonListener -> com.linyongan.activity.d:
    com.linyongan.activity.Button2Activity this$0 -> a
    void onClick(android.view.View) -> onClick
...
android.support.v4.app.FragmentManagerState$1 -> android.support.v4.app.p:
    java.lang.Object[] newArray(int) -> newArray
    java.lang.Object createFromParcel(android.os.Parcel) -> createFromParcel
android.support.v4.app.FragmentState -> android.support.v4.app.FragmentState:
    java.lang.String mClassName -> a
    int mIndex -> b
    boolean mFromLayout -> c
    int mFragmentId -> d
    int mContainerId -> e
    java.lang.String mTag -> f
    boolean mRetainInstance -> g
    boolean mDetached -> h
    android.os.Bundle mArguments -> i
    android.os.Bundle mSavedFragmentState -> j
    android.support.v4.app.Fragment mInstance -> k
    android.os.Parcelable$Creator CREATOR -> CREATOR
    android.support.v4.app.Fragment instantiate(android.support.v4.app.FragmentActivity,android.support.v4.app.Fragment) -> a
    int describeContents() -> describeContents
    void writeToParcel(android.os.Parcel,int) -> writeToParcel
android.support.v4.app.FragmentState$1 -> android.support.v4.app.q:
    java.lang.Object[] newArray(int) -> newArray
    java.lang.Object createFromParcel(android.os.Parcel) -> createFromParcel
android.support.v4.app.FragmentTabHost -> android.support.v4.app.FragmentTabHost:
    java.util.ArrayList mTabs -> a
    android.content.Context mContext -> b
    android.support.v4.app.FragmentManager mFragmentManager -> c
    int mContainerId -> d
    android.widget.TabHost$OnTabChangeListener mOnTabChangeListener -> e
    android.support.v4.app.FragmentTabHost$TabInfo mLastTab -> f
    boolean mAttached -> g
    void setup() -> setup
    void setOnTabChangedListener(android.widget.TabHost$OnTabChangeListener) -> setOnTabChangedListener
    void onAttachedToWindow() -> onAttachedToWindow
    void onDetachedFromWindow() -> onDetachedFromWindow
    android.os.Parcelable onSaveInstanceState() -> onSaveInstanceState
    void onRestoreInstanceState(android.os.Parcelable) -> onRestoreInstanceState
    void onTabChanged(java.lang.String) -> onTabChanged
    android.support.v4.app.FragmentTransaction doTabChanged(java.lang.String,android.support.v4.app.FragmentTransaction) -> a
android.support.v4.app.FragmentTabHost$SavedState -> android.support.v4.app.FragmentTabHost$SavedState:
    java.lang.String curTab -> a
    android.os.Parcelable$Creator CREATOR -> CREATOR
    void writeToParcel(android.os.Parcel,int) -> writeToParcel
    java.lang.String toString() -> toString
android.support.v4.app.FragmentTabHost$SavedState$1 -> android.support.v4.app.r:
    java.lang.Object[] newArray(int) -> newArray
    java.lang.Object createFromParcel(android.os.Parcel) -> createFromParcel
android.support.v4.app.FragmentTabHost$TabInfo -> android.support.v4.app.s:
    java.lang.String tag -> a
    java.lang.Class clss -> b
    android.os.Bundle args -> c
    android.support.v4.app.Fragment fragment -> d
    android.support.v4.app.Fragment access$102(android.support.v4.app.FragmentTabHost$TabInfo,android.support.v4.app.Fragment) -> a
    android.support.v4.app.Fragment access$100(android.support.v4.app.FragmentTabHost$TabInfo) -> a
    java.lang.String access$200(android.support.v4.app.FragmentTabHost$TabInfo) -> b
    java.lang.Class access$300(android.support.v4.app.FragmentTabHost$TabInfo) -> c
    android.os.Bundle access$400(android.support.v4.app.FragmentTabHost$TabInfo) -> d
android.support.v4.app.FragmentTransaction -> android.support.v4.app.t:
    android.support.v4.app.FragmentTransaction add(int,android.support.v4.app.Fragment,java.lang.String) -> a
    android.support.v4.app.FragmentTransaction detach(android.support.v4.app.Fragment) -> a
    android.support.v4.app.FragmentTransaction attach(android.support.v4.app.Fragment) -> b
    int commit() -> a
android.support.v4.app.LoaderManager -> android.support.v4.app.u:
    boolean hasRunningLoaders() -> a