proguard/usage.txt
com.linyongan.activity.BuildConfig
com.linyongan.activity.Button3Activity:
    private static final int LENGTH
com.linyongan.activity.Button3Activity$LineChar:
    1081:1081:public java.lang.String getName()
    1085:1085:public java.lang.String getDesc()
com.linyongan.activity.R
com.linyongan.activity.R$array
com.linyongan.activity.R$attr
com.linyongan.activity.R$color
com.linyongan.activity.R$drawable
com.linyongan.activity.R$id
com.linyongan.activity.R$layout
com.linyongan.activity.R$string
com.linyongan.activity.R$style
com.linyongan.activity.TestingActivity$MyPagerAdapter:
    525:525:public java.lang.CharSequence getPageTitle(int)
com.linyongan.activity.ViewPagerActivity:
    37:37:static synthetic android.os.Handler access$4(com.linyongan.activity.ViewPagerActivity)
com.linyongan.activity.ViewPagerActivity$ScrollTask
...
android.support.v4.view.ViewCompat$JbMr1ViewCompatImpl:
    371:371:public int getLabelFor(android.view.View)
    376:377:public void setLabelFor(android.view.View,int)
    391:392:public void setLayoutDirection(android.view.View,int)
android.support.v4.view.ViewCompat$ViewCompatImpl:
    public abstract boolean canScrollVertically(android.view.View,int)
    public abstract void setOverScrollMode(android.view.View,int)
    public abstract void onInitializeAccessibilityEvent(android.view.View,android.view.accessibility.AccessibilityEvent)
    public abstract void onPopulateAccessibilityEvent(android.view.View,android.view.accessibility.AccessibilityEvent)
    public abstract void onInitializeAccessibilityNodeInfo(android.view.View,android.support.v4.view.accessibility.AccessibilityNodeInfoCompat)
    public abstract boolean hasTransientState(android.view.View)
    public abstract void setHasTransientState(android.view.View,boolean)
    public abstract void postOnAnimationDelayed(android.view.View,java.lang.Runnable,long)
    public abstract boolean performAccessibilityAction(android.view.View,int,android.os.Bundle)
    public abstract android.support.v4.view.accessibility.AccessibilityNodeProviderCompat getAccessibilityNodeProvider(android.view.View)
    public abstract int getLabelFor(android.view.View)
    public abstract void setLabelFor(android.view.View,int)
    public abstract void setLayoutDirection(android.view.View,int)
    public abstract android.view.ViewParent getParentForAccessibility(android.view.View)
android.support.v4.view.ViewCompatGingerbread:
    21:21:ViewCompatGingerbread()
    27:28:public static void setOverScrollMode(android.view.View,int)
android.support.v4.view.ViewCompatHC:
    23:23:ViewCompatHC()
android.support.v4.view.ViewCompatICS:
    27:27:ViewCompatICS()
    34:34:public static boolean canScrollVertically(android.view.View,int)
    42:43:public static void onPopulateAccessibilityEvent(android.view.View,android.view.accessibility.AccessibilityEvent)
    46:47:public static void onInitializeAccessibilityEvent(android.view.View,android.view.accessibility.AccessibilityEvent)
    50:51:public static void onInitializeAccessibilityNodeInfo(android.view.View,java.lang.Object)
android.support.v4.view.ViewCompatJB:
    26:26:public ViewCompatJB()
    29:29:public static boolean hasTransientState(android.view.View)
    33:34:public static void setHasTransientState(android.view.View,boolean)
    50:51:public static void postOnAnimationDelayed(android.view.View,java.lang.Runnable,long)
    62:62:public static boolean performAccessibilityAction(android.view.View,int,android.os.Bundle)
    66:66:public static java.lang.Object getAccessibilityNodeProvider(android.view.View)
    70:70:public static android.view.ViewParent getParentForAccessibility(android.view.View)
android.support.v4.view.ViewCompatJellybeanMr1:
    25:25:ViewCompatJellybeanMr1()
    28:28:public static int getLabelFor(android.view.View)
    32:33:public static void setLabelFor(android.view.View,int)
    44:45:public static void setLayoutDirection(android.view.View,int)
android.support.v4.view.ViewConfigurationCompat:
    25:46:public ViewConfigurationCompat()
android.support.v4.view.ViewConfigurationCompatFroyo:
    24:24:ViewConfigurationCompatFroyo()
android.support.v4.view.ViewGroupCompat
android.support.v4.view.ViewGroupCompat$ViewGroupCompatHCImpl
android.support.v4.view.ViewGroupCompat$ViewGroupCompatIcsImpl
android.support.v4.view.ViewGroupCompat$ViewGroupCompatImpl
android.support.v4.view.ViewGroupCompat$ViewGroupCompatStubImpl
android.support.v4.view.ViewGroupCompatHC
android.support.v4.view.ViewGroupCompatIcs